#
# There is insufficient memory for the Java Runtime Environment to continue.
# Native memory allocation (malloc) failed to allocate 1048576 bytes for AllocateHeap
# Possible reasons:
#   The system is out of physical RAM or swap space
#   In 32 bit mode, the process size limit was hit
# Possible solutions:
#   Reduce memory load on the system
#   Increase physical memory or swap space
#   Check if swap backing store is full
#   Use 64 bit Java on a 64 bit OS
#   Decrease Java heap size (-Xmx/-Xms)
#   Decrease number of Java threads
#   Decrease Java thread stack sizes (-Xss)
#   Set larger code cache with -XX:ReservedCodeCacheSize=
# This output file may be truncated or incomplete.
#
#  Out of Memory Error (memory/allocation.inline.hpp:61), pid=1572, tid=0x0000000000000568
#
# JRE version:  (8.0_152-b02) (build )
# Java VM: OpenJDK 64-Bit Server VM (25.152-b02 mixed mode windows-amd64 compressed oops)
# Failed to write core dump. Minidumps are not enabled by default on client versions of Windows
#

---------------  T H R E A D  ---------------

Current thread (0x0000000004cd2800):  JavaThread "Unknown thread" [_thread_in_vm, id=1384, stack(0x0000000004b20000,0x0000000004c20000)]

Stack: [0x0000000004b20000,0x0000000004c20000]
[error occurred during error reporting (printing stack bounds), id 0xc0000005]

Native frames: (J=compiled Java code, j=interpreted, Vv=VM code, C=native code)


---------------  P R O C E S S  ---------------

Java Threads: ( => current thread )

Other Threads:

=>0x0000000004cd2800 (exited) JavaThread "Unknown thread" [_thread_in_vm, id=1384, stack(0x0000000004b20000,0x0000000004c20000)]

VM state:not at safepoint (normal execution)

VM Mutex/Monitor currently owned by a thread: None

Heap:
 PSYoungGen      total 18944K, used 327K [0x00000000eb180000, 0x00000000ec680000, 0x0000000100000000)
  eden space 16384K, 2% used [0x00000000eb180000,0x00000000eb1d1ec8,0x00000000ec180000)
  from space 2560K, 0% used [0x00000000ec400000,0x00000000ec400000,0x00000000ec680000)
  to   space 2560K, 0% used [0x00000000ec180000,0x00000000ec180000,0x00000000ec400000)
 ParOldGen       total 44032K, used 0K [0x00000000c1400000, 0x00000000c3f00000, 0x00000000eb180000)
  object space 44032K, 0% used [0x00000000c1400000,0x00000000c1400000,0x00000000c3f00000)
 Metaspace       used 783K, capacity 1156K, committed 1408K, reserved 1060864K
  class space    used 73K, capacity 384K, committed 384K, reserved 1048576K

Card table byte_map: [0x0000000014190000,0x0000000014390000] byte_map_base: 0x0000000013b86000

Marking Bits: (ParMarkBitMap*) 0x00000000679d4970
 Begin Bits: [0x00000000148e0000, 0x0000000015890000)
 End Bits:   [0x0000000015890000, 0x0000000016840000)

Polling page: 0x00000000032a0000

CodeCache: size=245760Kb used=328Kb max_used=328Kb free=245431Kb
 bounds [0x0000000004dd0000, 0x0000000005040000, 0x0000000013dd0000]
 total_blobs=57 nmethods=0 adapters=38
 compilation: enabled

Compilation events (0 events):
No events

GC Heap History (0 events):
No events

Deoptimization events (0 events):
No events

Classes redefined (0 events):
No events

Internal exceptions (0 events):
No events

Events (10 events):
Event: 0.073 loading class java/lang/Short
Event: 0.073 loading class java/lang/Short done
Event: 0.073 loading class java/lang/Integer
Event: 0.073 loading class java/lang/Integer done
Event: 0.073 loading class java/lang/Long
Event: 0.073 loading class java/lang/Long done
Event: 0.075 loading class java/lang/NullPointerException
Event: 0.075 loading class java/lang/NullPointerException done
Event: 0.075 loading class java/lang/ArithmeticException
Event: 0.075 loading class java/lang/ArithmeticException done


Dynamic libraries:
0x00007ff7ba710000 - 0x00007ff7ba741000 	C:\Program Files\Android\Android Studio\jre\bin\java.EXE
0x00007ffe0b560000 - 0x00007ffe0b740000 	C:\WINDOWS\SYSTEM32\ntdll.dll
0x00007ffe08c70000 - 0x00007ffe08d1e000 	C:\WINDOWS\System32\KERNEL32.DLL
0x00007ffe07d30000 - 0x00007ffe07f96000 	C:\WINDOWS\System32\KERNELBASE.dll
0x00007ffe090b0000 - 0x00007ffe09151000 	C:\WINDOWS\System32\ADVAPI32.dll
0x00007ffe08a30000 - 0x00007ffe08acd000 	C:\WINDOWS\System32\msvcrt.dll
0x00007ffe08da0000 - 0x00007ffe08dfb000 	C:\WINDOWS\System32\sechost.dll
0x00007ffe08e00000 - 0x00007ffe08f1f000 	C:\WINDOWS\System32\RPCRT4.dll
0x00007ffe08f20000 - 0x00007ffe090af000 	C:\WINDOWS\System32\USER32.dll
0x00007ffe07d10000 - 0x00007ffe07d30000 	C:\WINDOWS\System32\win32u.dll
0x00007ffe0b220000 - 0x00007ffe0b248000 	C:\WINDOWS\System32\GDI32.dll
0x00007ffe08890000 - 0x00007ffe08a23000 	C:\WINDOWS\System32\gdi32full.dll
0x00007ffe087a0000 - 0x00007ffe0883b000 	C:\WINDOWS\System32\msvcp_win.dll
0x00007ffe07b30000 - 0x00007ffe07c26000 	C:\WINDOWS\System32\ucrtbase.dll
0x00007ffdf7b50000 - 0x00007ffdf7db9000 	C:\WINDOWS\WinSxS\amd64_microsoft.windows.common-controls_6595b64144ccf1df_6.0.16299.125_none_15cbcf8893620c09\COMCTL32.dll
0x00007ffe091c0000 - 0x00007ffe094c8000 	C:\WINDOWS\System32\combase.dll
0x00007ffe07c30000 - 0x00007ffe07ca2000 	C:\WINDOWS\System32\bcryptPrimitives.dll
0x00007ffe09550000 - 0x00007ffe0957d000 	C:\WINDOWS\System32\IMM32.DLL
0x0000000067a50000 - 0x0000000067b22000 	C:\Program Files\Android\Android Studio\jre\jre\bin\msvcr100.dll
0x0000000067210000 - 0x0000000067a4f000 	C:\Program Files\Android\Android Studio\jre\jre\bin\server\jvm.dll
0x00007ffe0ad50000 - 0x00007ffe0ad58000 	C:\WINDOWS\System32\PSAPI.DLL
0x00007ffe04d70000 - 0x00007ffe04d93000 	C:\WINDOWS\SYSTEM32\WINMM.dll
0x00007ffdf5590000 - 0x00007ffdf559a000 	C:\WINDOWS\SYSTEM32\VERSION.dll
0x00007ffe063c0000 - 0x00007ffe063c9000 	C:\WINDOWS\SYSTEM32\WSOCK32.dll
0x00007ffe0ad60000 - 0x00007ffe0adcc000 	C:\WINDOWS\System32\WS2_32.dll
0x00007ffe04d40000 - 0x00007ffe04d6a000 	C:\WINDOWS\SYSTEM32\winmmbase.dll
0x00007ffe08840000 - 0x00007ffe0888a000 	C:\WINDOWS\System32\cfgmgr32.dll
0x00007ffdfd040000 - 0x00007ffdfd04f000 	C:\Program Files\Android\Android Studio\jre\jre\bin\verify.dll
0x00007ffdfb4c0000 - 0x00007ffdfb4e9000 	C:\Program Files\Android\Android Studio\jre\jre\bin\java.dll
0x00007ffdfcf20000 - 0x00007ffdfcf36000 	C:\Program Files\Android\Android Studio\jre\jre\bin\zip.dll

VM Arguments:
java_command: <unknown>
java_class_path (initial): .
Launcher Type: SUN_STANDARD

Environment Variables:
PATH=C:\Program Files (x86)\Common Files\Oracle\Java\javapath;C:\Program Files\Docker\Docker\Resources\bin;C:\Program Files (x86)\NVIDIA Corporation\PhysX\Common;C:\Program Files (x86)\Intel\iCLS Client\;C:\Program Files\Intel\iCLS Client\;C:\WINDOWS\system32;C:\WINDOWS;C:\WINDOWS\System32\Wbem;C:\WINDOWS\System32\WindowsPowerShell\v1.0\;C:\Program Files (x86)\Intel\Intel(R) Management Engine Components\DAL;C:\Program Files\Intel\Intel(R) Management Engine Components\DAL;C:\Program Files (x86)\Intel\Intel(R) Management Engine Components\IPT;C:\Program Files\Intel\Intel(R) Management Engine Components\IPT;C:\wamp\bin\php\php5.5.12;C:\composer;C:\Users\hj\AppData\Local\Git\bin;C:\Program Files (x86)\MySQL\MySQL Fabric 1.5 
USERNAME=Jay
OS=Windows_NT
PROCESSOR_IDENTIFIER=Intel64 Family 6 Model 61 Stepping 4, GenuineIntel



---------------  S Y S T E M  ---------------

OS: Windows 10.0 , 64 bit Build 16299 (10.0.16299.15)

CPU:total 4 (initial active 4) (2 cores per cpu, 2 threads per core) family 6 model 61 stepping 4, cmov, cx8, fxsr, mmx, sse, sse2, sse3, ssse3, sse4.1, sse4.2, popcnt, avx, avx2, aes, clmul, erms, 3dnowpref, lzcnt, ht, tsc, tscinvbit, bmi1, bmi2, adx

Memory: 4k page, physical 4110564k(373080k free), swap 11807712k(5580k free)

vm_info: OpenJDK 64-Bit Server VM (25.152-b02) for windows-amd64 JRE (1.8.0_152-release-1024-b02), built by "builder" with MS VC++ 10.0 (VS2010)

time: Mon May 14 14:43:30 2018
elapsed time: 0 seconds (0d 0h 0m 0s)

