#
# There is insufficient memory for the Java Runtime Environment to continue.
# Native memory allocation (malloc) failed to allocate 1048576 bytes for AllocateHeap
# Possible reasons:
#   The system is out of physical RAM or swap space
#   In 32 bit mode, the process size limit was hit
# Possible solutions:
#   Reduce memory load on the system
#   Increase physical memory or swap space
#   Check if swap backing store is full
#   Use 64 bit Java on a 64 bit OS
#   Decrease Java heap size (-Xmx/-Xms)
#   Decrease number of Java threads
#   Decrease Java thread stack sizes (-Xss)
#   Set larger code cache with -XX:ReservedCodeCacheSize=
# This output file may be truncated or incomplete.
#
#  Out of Memory Error (memory/allocation.inline.hpp:61), pid=12948, tid=0x00000000000009ac
#
# JRE version:  (8.0_152-b02) (build )
# Java VM: OpenJDK 64-Bit Server VM (25.152-b02 mixed mode windows-amd64 compressed oops)
# Failed to write core dump. Minidumps are not enabled by default on client versions of Windows
#

---------------  T H R E A D  ---------------

Current thread (0x0000000004622800):  JavaThread "Unknown thread" [_thread_in_vm, id=2476, stack(0x00000000044e0000,0x00000000045e0000)]

Stack: [0x00000000044e0000,0x00000000045e0000]
[error occurred during error reporting (printing stack bounds), id 0xc0000005]

Native frames: (J=compiled Java code, j=interpreted, Vv=VM code, C=native code)


---------------  P R O C E S S  ---------------

Java Threads: ( => current thread )

Other Threads:

=>0x0000000004622800 (exited) JavaThread "Unknown thread" [_thread_in_vm, id=2476, stack(0x00000000044e0000,0x00000000045e0000)]

VM state:not at safepoint (normal execution)

VM Mutex/Monitor currently owned by a thread: None

Heap:
 PSYoungGen      total 18944K, used 327K [0x00000000eb180000, 0x00000000ec680000, 0x0000000100000000)
  eden space 16384K, 2% used [0x00000000eb180000,0x00000000eb1d1ec8,0x00000000ec180000)
  from space 2560K, 0% used [0x00000000ec400000,0x00000000ec400000,0x00000000ec680000)
  to   space 2560K, 0% used [0x00000000ec180000,0x00000000ec180000,0x00000000ec400000)
 ParOldGen       total 44032K, used 0K [0x00000000c1400000, 0x00000000c3f00000, 0x00000000eb180000)
  object space 44032K, 0% used [0x00000000c1400000,0x00000000c1400000,0x00000000c3f00000)
 Metaspace       used 772K, capacity 4480K, committed 4480K, reserved 1056768K
  class space    used 73K, capacity 384K, committed 384K, reserved 1048576K

Card table byte_map: [0x0000000013ae0000,0x0000000013ce0000] byte_map_base: 0x00000000134d6000

Marking Bits: (ParMarkBitMap*) 0x0000000072474970
 Begin Bits: [0x0000000014230000, 0x00000000151e0000)
 End Bits:   [0x00000000151e0000, 0x0000000016190000)

Polling page: 0x00000000003f0000

CodeCache: size=245760Kb used=328Kb max_used=328Kb free=245431Kb
 bounds [0x0000000004720000, 0x0000000004990000, 0x0000000013720000]
 total_blobs=57 nmethods=0 adapters=38
 compilation: enabled

Compilation events (0 events):
No events

GC Heap History (0 events):
No events

Deoptimization events (0 events):
No events

Classes redefined (0 events):
No events

Internal exceptions (0 events):
No events

Events (10 events):
Event: 0.021 loading class java/lang/Short
Event: 0.021 loading class java/lang/Short done
Event: 0.021 loading class java/lang/Integer
Event: 0.022 loading class java/lang/Integer done
Event: 0.022 loading class java/lang/Long
Event: 0.022 loading class java/lang/Long done
Event: 0.022 loading class java/lang/NullPointerException
Event: 0.022 loading class java/lang/NullPointerException done
Event: 0.022 loading class java/lang/ArithmeticException
Event: 0.022 loading class java/lang/ArithmeticException done


Dynamic libraries:
0x00007ff766ad0000 - 0x00007ff766b01000 	C:\Program Files\Android\Android Studio\jre\bin\java.EXE
0x00007ffce9610000 - 0x00007ffce97f0000 	C:\WINDOWS\SYSTEM32\ntdll.dll
0x00007ffce8ff0000 - 0x00007ffce909e000 	C:\WINDOWS\System32\KERNEL32.DLL
0x00007ffce5e00000 - 0x00007ffce6066000 	C:\WINDOWS\System32\KERNELBASE.dll
0x00007ffce7060000 - 0x00007ffce7101000 	C:\WINDOWS\System32\ADVAPI32.dll
0x00007ffce94e0000 - 0x00007ffce957d000 	C:\WINDOWS\System32\msvcrt.dll
0x00007ffce9580000 - 0x00007ffce95db000 	C:\WINDOWS\System32\sechost.dll
0x00007ffce7110000 - 0x00007ffce722f000 	C:\WINDOWS\System32\RPCRT4.dll
0x00007ffce7870000 - 0x00007ffce79ff000 	C:\WINDOWS\System32\USER32.dll
0x00007ffce5b90000 - 0x00007ffce5bb0000 	C:\WINDOWS\System32\win32u.dll
0x00007ffce8ec0000 - 0x00007ffce8ee8000 	C:\WINDOWS\System32\GDI32.dll
0x00007ffce5c60000 - 0x00007ffce5df3000 	C:\WINDOWS\System32\gdi32full.dll
0x00007ffce6240000 - 0x00007ffce62db000 	C:\WINDOWS\System32\msvcp_win.dll
0x00007ffce5a10000 - 0x00007ffce5b06000 	C:\WINDOWS\System32\ucrtbase.dll
0x00007ffcd6d60000 - 0x00007ffcd6fc9000 	C:\WINDOWS\WinSxS\amd64_microsoft.windows.common-controls_6595b64144ccf1df_6.0.16299.125_none_15cbcf8893620c09\COMCTL32.dll
0x00007ffce7230000 - 0x00007ffce7538000 	C:\WINDOWS\System32\combase.dll
0x00007ffce5b10000 - 0x00007ffce5b82000 	C:\WINDOWS\System32\bcryptPrimitives.dll
0x00007ffce9270000 - 0x00007ffce929d000 	C:\WINDOWS\System32\IMM32.DLL
0x00000000724f0000 - 0x00000000725c2000 	C:\Program Files\Android\Android Studio\jre\jre\bin\msvcr100.dll
0x0000000071cb0000 - 0x00000000724ef000 	C:\Program Files\Android\Android Studio\jre\jre\bin\server\jvm.dll
0x00007ffce76b0000 - 0x00007ffce76b8000 	C:\WINDOWS\System32\PSAPI.DLL
0x00007ffce3160000 - 0x00007ffce3183000 	C:\WINDOWS\SYSTEM32\WINMM.dll
0x00007ffcd7020000 - 0x00007ffcd702a000 	C:\WINDOWS\SYSTEM32\VERSION.dll
0x00007ffce4470000 - 0x00007ffce4479000 	C:\WINDOWS\SYSTEM32\WSOCK32.dll
0x00007ffce8e50000 - 0x00007ffce8ebc000 	C:\WINDOWS\System32\WS2_32.dll
0x00007ffce3130000 - 0x00007ffce315a000 	C:\WINDOWS\SYSTEM32\WINMMBASE.dll
0x00007ffce6a90000 - 0x00007ffce6ada000 	C:\WINDOWS\System32\cfgmgr32.dll
0x00007ffcd92f0000 - 0x00007ffcd92ff000 	C:\Program Files\Android\Android Studio\jre\jre\bin\verify.dll
0x00007ffcc5b40000 - 0x00007ffcc5b69000 	C:\Program Files\Android\Android Studio\jre\jre\bin\java.dll
0x00007ffcc07d0000 - 0x00007ffcc07e6000 	C:\Program Files\Android\Android Studio\jre\jre\bin\zip.dll

VM Arguments:
java_command: <unknown>
java_class_path (initial): .
Launcher Type: SUN_STANDARD

Environment Variables:
PATH=C:\Program Files (x86)\Common Files\Oracle\Java\javapath;C:\Program Files\Docker\Docker\Resources\bin;C:\Program Files (x86)\NVIDIA Corporation\PhysX\Common;C:\Program Files (x86)\Intel\iCLS Client\;C:\Program Files\Intel\iCLS Client\;C:\WINDOWS\system32;C:\WINDOWS;C:\WINDOWS\System32\Wbem;C:\WINDOWS\System32\WindowsPowerShell\v1.0\;C:\Program Files (x86)\Intel\Intel(R) Management Engine Components\DAL;C:\Program Files\Intel\Intel(R) Management Engine Components\DAL;C:\Program Files (x86)\Intel\Intel(R) Management Engine Components\IPT;C:\Program Files\Intel\Intel(R) Management Engine Components\IPT;C:\wamp\bin\php\php5.5.12;C:\composer;C:\Users\hj\AppData\Local\Git\bin;C:\Program Files (x86)\MySQL\MySQL Fabric 1.5 
USERNAME=Jay
OS=Windows_NT
PROCESSOR_IDENTIFIER=Intel64 Family 6 Model 61 Stepping 4, GenuineIntel



---------------  S Y S T E M  ---------------

OS: Windows 10.0 , 64 bit Build 16299 (10.0.16299.15)

CPU:total 4 (initial active 4) (2 cores per cpu, 2 threads per core) family 6 model 61 stepping 4, cmov, cx8, fxsr, mmx, sse, sse2, sse3, ssse3, sse4.1, sse4.2, popcnt, avx, avx2, aes, clmul, erms, 3dnowpref, lzcnt, ht, tsc, tscinvbit, bmi1, bmi2, adx

Memory: 4k page, physical 4110564k(704436k free), swap 8158152k(5316k free)

vm_info: OpenJDK 64-Bit Server VM (25.152-b02) for windows-amd64 JRE (1.8.0_152-release-1024-b02), built by "builder" with MS VC++ 10.0 (VS2010)

time: Fri May 11 13:44:35 2018
elapsed time: 0 seconds (0d 0h 0m 0s)

